Encryption: [BLAKE2b512] -> 68489cafcf15c0f383f48d6f911e7cd70afc10323432a8161ad867ec369a2911eb26e8a1c00158caf179de3145efd71efa1ba702a7b2f12f7e96150cd1e364fc
Encryption: [BLAKE2s256] -> 60b8b814a16c455d4a86a384c66e2dc635d254d926ae9c1282f274927ef36bdd
Encryption: [MD4] -> ae1241c997453cf947bda27dea334389
Encryption: [MD5] -> 83936a3f80ba44c78c9911f5445f2994
Encryption: [MD5-SHA1] -> 83936a3f80ba44c78c9911f5445f29948fb7b108e5f0a7fae84df849dde830fed5b5f786
Encryption: [RIPEMD160] -> 75dfb3f515c5037f91fffc8ea83e3fdffaaa9e75
Encryption: [SHA1] -> 8fb7b108e5f0a7fae84df849dde830fed5b5f786
Encryption: [SHA224] -> 04f37e9794d986760d53dd21e541fd265c9242d77622a910a76a7217
Encryption: [SHA256] -> 35ae8855db112a234a69ef68cf7372357124b18be029efcf4345c2bf1da7b7b5
Encryption: [SHA384] -> 64be879ac8bcebb7c3189c6e4cd9bb1705c17ecf515f6a79ececf6cdb828f285ece80b861079891b3a4b5ddc09d685a3
Encryption: [SHA512] -> 1da2336940cde662a067b493dc270664906a6bd45decf5dc90696ccc6fa290835385bbf3a2787371313e8aa3b70018f14004227d841ec1f8222db990c8aa8af5
Encryption: [blake2b] -> 68489cafcf15c0f383f48d6f911e7cd70afc10323432a8161ad867ec369a2911eb26e8a1c00158caf179de3145efd71efa1ba702a7b2f12f7e96150cd1e364fc
Encryption: [blake2b512] -> 68489cafcf15c0f383f48d6f911e7cd70afc10323432a8161ad867ec369a2911eb26e8a1c00158caf179de3145efd71efa1ba702a7b2f12f7e96150cd1e364fc
Encryption: [blake2s] -> 60b8b814a16c455d4a86a384c66e2dc635d254d926ae9c1282f274927ef36bdd
Encryption: [blake2s256] -> 60b8b814a16c455d4a86a384c66e2dc635d254d926ae9c1282f274927ef36bdd
Encryption: [md4] -> ae1241c997453cf947bda27dea334389
Encryption: [md5] -> 83936a3f80ba44c78c9911f5445f2994
Encryption: [md5-sha1] -> 83936a3f80ba44c78c9911f5445f29948fb7b108e5f0a7fae84df849dde830fed5b5f786
Encryption: [ripemd160] -> 75dfb3f515c5037f91fffc8ea83e3fdffaaa9e75
Encryption: [sha1] -> 8fb7b108e5f0a7fae84df849dde830fed5b5f786
Encryption: [sha224] -> 04f37e9794d986760d53dd21e541fd265c9242d77622a910a76a7217
Encryption: [sha256] -> 35ae8855db112a234a69ef68cf7372357124b18be029efcf4345c2bf1da7b7b5
Encryption: [sha384] -> 64be879ac8bcebb7c3189c6e4cd9bb1705c17ecf515f6a79ececf6cdb828f285ece80b861079891b3a4b5ddc09d685a3
Encryption: [sha3_224] -> cc5c991fb4016ec95ffa2bd04a17781c0de21a859479bfcba9cbaf44
Encryption: [sha3_256] -> 6b1d6d05f84625b3f0ba6b2312335b91c28bf84492f13fa4d921f952a7ed5ef0
Encryption: [sha3_384] -> ae7acec68fa8db77919bfe5ecb0371d3268a779e44d656124bbc27a438475a862510455aadad67723a9bb77983f55052
Encryption: [sha3_512] -> 80a68c5eaea003625e9120ff57b06b76baa378b75005494d0d87883bd09fd88c20fb5ffb97882aff1aba04ba6bb08765f590997da398727b9e748827e60643ba
Encryption: [sha512] -> 1da2336940cde662a067b493dc270664906a6bd45decf5dc90696ccc6fa290835385bbf3a2787371313e8aa3b70018f14004227d841ec1f8222db990c8aa8af5
Encryption: [whirlpool] -> b0a6a962d8cfb62a7400c2094ac3990360026425694053c708b68239d432d8f33d89d7a8ac5f00ad0c99b4b0e62cfa7a6c6398a1b9b8fd58086157420c9cbbb6
